[13:39:22] [main/WARN]: Ambiguity between arguments [teleport, destination] and [teleport, targets] with inputs: [Player, 0123, @e, dd12be42-52a9-4a91-a8a1-11c01849e498]
[13:39:22] [main/WARN]: Ambiguity between arguments [teleport, location] and [teleport, destination] with inputs: [0.1 -0.5 .9, 0 0 0]
[13:39:22] [main/WARN]: Ambiguity between arguments [teleport, location] and [teleport, targets] with inputs: [0.1 -0.5 .9, 0 0 0]
[13:39:22] [main/WARN]: Ambiguity between arguments [teleport, targets] and [teleport, destination] with inputs: [Player, 0123, dd12be42-52a9-4a91-a8a1-11c01849e498]
[13:39:22] [main/WARN]: Ambiguity between arguments [teleport, targets, location] and [teleport, targets, destination] with inputs: [0.1 -0.5 .9, 0 0 0]
[13:39:22] [main/INFO]: Loaded 0 recipes
[13:39:22] [main/INFO]: Loaded 0 advancements
[13:39:22] [Server thread/INFO]: Starting minecraft server version 1.13.2
[13:39:22] [Server thread/INFO]: Loading properties
[13:39:22] [Server thread/INFO]: Default game type: SURVIVAL
[13:39:22] [Server thread/INFO]: Generating keypair
[13:39:23] [Server thread/INFO]: Starting Minecraft server on *:25567
[13:39:23] [Server thread/INFO]: Using epoll channel type
[13:39:24] [Server thread/INFO]: Preparing level "world"
[13:39:24] [Server thread/INFO]: Reloading ResourceManager: Default
[13:39:26] [Server thread/INFO]: Loaded 524 recipes
[13:39:28] [Server thread/INFO]: Loaded 571 advancements
[13:39:28] [Server thread/INFO]: Preparing start region for dimension minecraft:overworld
[13:39:29] [Server thread/INFO]: Preparing spawn area: 4%
[13:39:30] [Server thread/INFO]: Preparing spawn area: 8%
[13:39:30] [Server thread/INFO]: Preparing spawn area: 12%
[13:39:30] [Server thread/INFO]: Preparing spawn area: 16%
[13:39:31] [Server thread/INFO]: Preparing spawn area: 20%
[13:39:31] [Server thread/INFO]: Preparing spawn area: 24%
[13:39:31] [Server thread/INFO]: Preparing spawn area: 28%
[13:39:32] [Server thread/INFO]: Preparing spawn area: 32%
[13:39:32] [Server thread/INFO]: Preparing spawn area: 36%
[13:39:33] [Server thread/INFO]: Preparing spawn area: 40%
[13:39:33] [Server thread/INFO]: Preparing spawn area: 44%
[13:39:33] [Server thread/INFO]: Preparing spawn area: 48%
[13:39:33] [Server thread/INFO]: Preparing spawn area: 52%
[13:39:34] [Server thread/INFO]: Preparing spawn area: 56%
[13:39:34] [Server thread/INFO]: Preparing spawn area: 60%
[13:39:34] [Server thread/INFO]: Preparing spawn area: 64%
[13:39:35] [Server thread/INFO]: Preparing spawn area: 68%
[13:39:35] [Server thread/INFO]: Preparing spawn area: 72%
[13:39:35] [Server thread/INFO]: Preparing spawn area: 76%
[13:39:36] [Server thread/INFO]: Preparing spawn area: 80%
[13:39:36] [Server thread/INFO]: Preparing spawn area: 84%
[13:39:36] [Server thread/INFO]: Preparing spawn area: 88%
[13:39:37] [Server thread/INFO]: Preparing spawn area: 92%
[13:39:37] [Server thread/INFO]: Preparing spawn area: 96%
[13:39:37] [Server thread/INFO]: Preparing spawn area: 100%
[13:39:37] [Server thread/INFO]: Time elapsed: 9487 ms
[13:39:37] [Server thread/INFO]: Done (13.787s)! For help, type "help"
[13:39:40] [Server thread/WARN]: Can't keep up! Is the server overloaded? Running 2619ms or 52 ticks behind
[13:40:36] [Server thread/WARN]: Can't keep up! Is the server overloaded? Running 40914ms or 818 ticks behind
[13:41:27] [Server thread/WARN]: Can't keep up! Is the server overloaded? Running 21104ms or 422 ticks behind
[13:41:57] [Server thread/WARN]: Can't keep up! Is the server overloaded? Running 14410ms or 288 ticks behind
[13:42:35] [Server thread/WARN]: Can't keep up! Is the server overloaded? Running 8204ms or 164 ticks behind
[13:45:40] [Server thread/WARN]: Can't keep up! Is the server overloaded? Running 4803ms or 96 ticks behind
[13:46:30] [Server thread/WARN]: Can't keep up! Is the server overloaded? Running 5408ms or 108 ticks behind
[13:47:21] [Server thread/WARN]: Can't keep up! Is the server overloaded? Running 6516ms or 130 ticks behind
[13:48:55] [Server thread/WARN]: Can't keep up! Is the server overloaded? Running 3605ms or 72 ticks behind
[13:49:50] [Server thread/WARN]: Can't keep up! Is the server overloaded? Running 10202ms or 204 ticks behind
[13:52:07] [Server thread/WARN]: Can't keep up! Is the server overloaded? Running 2107ms or 42 ticks behind
[13:53:00] [Server thread/WARN]: Can't keep up! Is the server overloaded? Running 7718ms or 154 ticks behind
[13:53:48] [Server thread/WARN]: Can't keep up! Is the server overloaded? Running 3102ms or 62 ticks behind
[13:56:08] [Server thread/WARN]: Can't keep up! Is the server overloaded? Running 5110ms or 102 ticks behind
[13:57:01] [Server thread/WARN]: Can't keep up! Is the server overloaded? Running 7702ms or 154 ticks behind
[13:59:20] [Server thread/WARN]: Can't keep up! Is the server overloaded? Running 4105ms or 82 ticks behind
[14:00:11] [Server thread/WARN]: Can't keep up! Is the server overloaded? Running 5511ms or 110 ticks behind
[14:02:30] [Server thread/WARN]: Can't keep up! Is the server overloaded? Running 4419ms or 88 ticks behind
[14:03:21] [Server thread/WARN]: Can't keep up! Is the server overloaded? Running 5809ms or 116 ticks behind
[14:03:52] [Server thread/INFO]: [Server] [System] We take backup of this server soon. 10 seconds left.
[14:04:08] [Server thread/INFO]: Automatic saving is now disabled
[14:04:28] [Server thread/INFO]: Saving the game (this may take a moment!)
[14:04:29] [Server thread/INFO]: Saved the game
[14:09:08] [Server thread/WARN]: Can't keep up! Is the server overloaded? Running 2255ms or 45 ticks behind
[14:11:37] [Server thread/WARN]: Can't keep up! Is the server overloaded? Running 2063ms or 41 ticks behind
[15:01:21] [Server thread/WARN]: Can't keep up! Is the server overloaded? Running 2655ms or 53 ticks behind
[15:17:28] [Server console handler/ERROR]: Exception handling console input
java.io.IOException: Input/output error
	at java.io.FileInputStream.readBytes(Native Method) ~[?:1.8.0_191]
	at java.io.FileInputStream.read(FileInputStream.java:255) ~[?:1.8.0_191]
	at java.io.BufferedInputStream.read1(BufferedInputStream.java:284) ~[?:1.8.0_191]
	at java.io.BufferedInputStream.read(BufferedInputStream.java:345) ~[?:1.8.0_191]
	at sun.nio.cs.StreamDecoder.readBytes(StreamDecoder.java:284) ~[?:1.8.0_191]
	at sun.nio.cs.StreamDecoder.implRead(StreamDecoder.java:326) ~[?:1.8.0_191]
	at sun.nio.cs.StreamDecoder.read(StreamDecoder.java:178) ~[?:1.8.0_191]
	at java.io.InputStreamReader.read(InputStreamReader.java:184) ~[?:1.8.0_191]
	at java.io.BufferedReader.fill(BufferedReader.java:161) ~[?:1.8.0_191]
	at java.io.BufferedReader.readLine(BufferedReader.java:324) ~[?:1.8.0_191]
	at java.io.BufferedReader.readLine(BufferedReader.java:389) ~[?:1.8.0_191]
	at so$2.run(SourceFile:110) [server.jar:?]
