[13:46:23] [main/WARN]: Ambiguity between arguments [teleport, destination] and [teleport, targets] with inputs: [Player, 0123, @e, dd12be42-52a9-4a91-a8a1-11c01849e498]
[13:46:23] [main/WARN]: Ambiguity between arguments [teleport, location] and [teleport, destination] with inputs: [0.1 -0.5 .9, 0 0 0]
[13:46:23] [main/WARN]: Ambiguity between arguments [teleport, location] and [teleport, targets] with inputs: [0.1 -0.5 .9, 0 0 0]
[13:46:23] [main/WARN]: Ambiguity between arguments [teleport, targets] and [teleport, destination] with inputs: [Player, 0123, dd12be42-52a9-4a91-a8a1-11c01849e498]
[13:46:23] [main/WARN]: Ambiguity between arguments [teleport, targets, location] and [teleport, targets, destination] with inputs: [0.1 -0.5 .9, 0 0 0]
[13:46:23] [main/INFO]: Loaded 0 recipes
[13:46:23] [main/INFO]: Loaded 0 advancements
[13:46:23] [Server thread/INFO]: Starting minecraft server version 1.13.2
[13:46:23] [Server thread/INFO]: Loading properties
[13:46:23] [Server thread/INFO]: Default game type: SURVIVAL
[13:46:23] [Server thread/INFO]: Generating keypair
[13:46:25] [Server thread/INFO]: Starting Minecraft server on *:25566
[13:46:25] [Server thread/INFO]: Using epoll channel type
[13:46:27] [Server thread/INFO]: Preparing level "world"
[13:46:27] [Server thread/INFO]: Reloading ResourceManager: Default
[13:46:32] [Server thread/INFO]: Loaded 524 recipes
[13:46:36] [Server thread/INFO]: Loaded 571 advancements
[13:46:37] [Server thread/INFO]: Preparing start region for dimension minecraft:overworld
[13:46:41] [Server thread/INFO]: Preparing spawn area: 4%
[13:46:42] [Server thread/INFO]: Preparing spawn area: 8%
[13:46:44] [Server thread/INFO]: Preparing spawn area: 12%
[13:46:45] [Server thread/INFO]: Preparing spawn area: 16%
[13:46:47] [Server thread/INFO]: Preparing spawn area: 20%
[13:46:47] [Server thread/INFO]: Preparing spawn area: 24%
[13:46:48] [Server thread/INFO]: Preparing spawn area: 28%
[13:46:49] [Server thread/INFO]: Preparing spawn area: 32%
[13:46:50] [Server thread/INFO]: Preparing spawn area: 36%
[13:46:52] [Server thread/INFO]: Preparing spawn area: 40%
[13:46:52] [Server thread/INFO]: Preparing spawn area: 44%
[13:46:53] [Server thread/INFO]: Preparing spawn area: 48%
[13:46:53] [Server thread/INFO]: Preparing spawn area: 52%
[13:46:54] [Server thread/INFO]: Preparing spawn area: 56%
[13:46:55] [Server thread/INFO]: Preparing spawn area: 60%
[13:46:55] [Server thread/INFO]: Preparing spawn area: 64%
[13:46:56] [Server thread/INFO]: Preparing spawn area: 68%
[13:46:57] [Server thread/INFO]: Preparing spawn area: 72%
[13:46:57] [Server thread/INFO]: Preparing spawn area: 76%
[13:46:58] [Server thread/INFO]: Preparing spawn area: 80%
[13:46:58] [Server thread/INFO]: Preparing spawn area: 84%
[13:46:59] [Server thread/INFO]: Preparing spawn area: 88%
[13:46:59] [Server thread/INFO]: Preparing spawn area: 92%
[13:47:00] [Server thread/INFO]: Preparing spawn area: 96%
[13:47:00] [Server thread/INFO]: Preparing spawn area: 100%
[13:47:00] [Server thread/INFO]: Time elapsed: 23103 ms
[13:47:00] [Server thread/INFO]: Done (33.911s)! For help, type "help"
[13:47:03] [Server thread/WARN]: Can't keep up! Is the server overloaded? Running 2341ms or 46 ticks behind
[13:47:51] [Server thread/WARN]: Can't keep up! Is the server overloaded? Running 32848ms or 656 ticks behind
[13:48:24] [Server thread/WARN]: Can't keep up! Is the server overloaded? Running 3603ms or 72 ticks behind
[14:03:09] [Server thread/INFO]: [Server] [System] We take backup of this server soon. 10 seconds left.
[14:03:12] [Server thread/INFO]: Automatic saving is now disabled
[14:03:15] [Server thread/INFO]: Saving the game (this may take a moment!)
[14:03:16] [Server thread/INFO]: Saved the game
[14:03:45] [Server thread/INFO]: Automatic saving is now enabled
[14:03:48] [Server thread/INFO]: [Server] [System] We just finish to make backup. Please take a fun.
[15:03:08] [Server thread/INFO]: [Server] We take backup of this server soon. 10 seconds left.
[15:03:11] [Server thread/INFO]: Automatic saving is now disabled
[15:03:14] [Server thread/INFO]: Saving the game (this may take a moment!)
[15:03:14] [Server thread/INFO]: Saved the game
[15:03:52] [Server thread/INFO]: Automatic saving is now enabled
[15:03:55] [Server thread/INFO]: [Server] We just finish to make backup. Please take a fun.
[16:03:08] [Server thread/INFO]: [Server] We take backup of this server soon. 10 seconds left.
[16:03:11] [Server thread/INFO]: Automatic saving is now disabled
[16:03:13] [Server thread/INFO]: Saving the game (this may take a moment!)
[16:03:14] [Server thread/INFO]: Saved the game
[16:03:51] [Server thread/INFO]: Automatic saving is now enabled
[16:03:54] [Server thread/INFO]: [Server] We just finish to make backup. Please take a fun.
[17:03:08] [Server thread/INFO]: [Server] We take backup of this server soon. 10 seconds left.
[17:03:11] [Server thread/INFO]: Automatic saving is now disabled
[17:03:13] [Server thread/INFO]: Saving the game (this may take a moment!)
[17:03:14] [Server thread/INFO]: Saved the game
[17:03:40] [Server thread/INFO]: Automatic saving is now enabled
[17:03:42] [Server thread/INFO]: [Server] We just finish to make backup. Please take a fun.
[18:03:08] [Server thread/INFO]: [Server] We take backup of this server soon. 10 seconds left.
[18:03:10] [Server thread/INFO]: Automatic saving is now disabled
[18:03:13] [Server thread/INFO]: Saving the game (this may take a moment!)
[18:03:13] [Server thread/INFO]: Saved the game
[18:04:10] [Server thread/INFO]: Automatic saving is now enabled
[18:04:13] [Server thread/INFO]: [Server] We just finish to make backup. Please take a fun.
[19:00:07] [Server thread/INFO]: [Server] We SHUTDOWN this server soon. 60 seconds left.
[19:01:04] [Server thread/INFO]: [Server] We SHUTDOWN this server soon. 60 seconds left.
[19:01:14] [Server console handler/ERROR]: Exception handling console input
java.io.IOException: Input/output error
	at java.io.FileInputStream.readBytes(Native Method) ~[?:1.8.0_191]
	at java.io.FileInputStream.read(FileInputStream.java:255) ~[?:1.8.0_191]
	at java.io.BufferedInputStream.read1(BufferedInputStream.java:284) ~[?:1.8.0_191]
	at java.io.BufferedInputStream.read(BufferedInputStream.java:345) ~[?:1.8.0_191]
	at sun.nio.cs.StreamDecoder.readBytes(StreamDecoder.java:284) ~[?:1.8.0_191]
	at sun.nio.cs.StreamDecoder.implRead(StreamDecoder.java:326) ~[?:1.8.0_191]
	at sun.nio.cs.StreamDecoder.read(StreamDecoder.java:178) ~[?:1.8.0_191]
	at java.io.InputStreamReader.read(InputStreamReader.java:184) ~[?:1.8.0_191]
	at java.io.BufferedReader.fill(BufferedReader.java:161) ~[?:1.8.0_191]
	at java.io.BufferedReader.readLine(BufferedReader.java:324) ~[?:1.8.0_191]
	at java.io.BufferedReader.readLine(BufferedReader.java:389) ~[?:1.8.0_191]
	at so$2.run(SourceFile:110) [server.jar:?]
[19:01:14] [Server Shutdown Thread/INFO]: Stopping server
[19:01:14] [Server thread/INFO]: [Server] SERVER SHUTTING DOWN. Saving map...
[19:01:14] [Server thread/INFO]: Saving the game (this may take a moment!)
[19:01:14] [Server Shutdown Thread/INFO]: Saving players
[19:01:14] [Server Shutdown Thread/INFO]: Saving worlds
[19:01:14] [Server Shutdown Thread/INFO]: Saving chunks for level 'world'/minecraft:overworld
